<?xml version="1.0" encoding="UTF-8"?>
<testng-results ignored="0" total="4" passed="4" failed="0" skipped="0">
  <reporter-output>
    <line>
      <![CDATA[method nameLoginTest]]>
    </line>
    <line>
      <![CDATA[method status1]]>
    </line>
    <line>
      <![CDATA[method nameLoginTest]]>
    </line>
    <line>
      <![CDATA[method status1]]>
    </line>
    <line>
      <![CDATA[method nameLoginTest]]>
    </line>
    <line>
      <![CDATA[method status1]]>
    </line>
    <line>
      <![CDATA[method nameLoginTest]]>
    </line>
    <line>
      <![CDATA[method status1]]>
    </line>
  </reporter-output>
  <suite started-at="2024-05-10T20:45:51 IST" name="Suite" finished-at="2024-05-10T20:47:25 IST" duration-ms="93373">
    <groups>
    </groups>
    <test started-at="2024-05-10T20:45:51 IST" name="Test" finished-at="2024-05-10T20:47:25 IST" duration-ms="93373">
      <class name="login_to_zoho.login_to_zoho_page">
        <test-method is-config="true" signature="setup()[pri:0, instance:login_to_zoho.login_to_zoho_page@574b560f]" started-at="2024-05-10T20:45:52 IST" name="setup" finished-at="2024-05-10T20:46:15 IST" duration-ms="22824" status="PASS">
          <reporter-output>
          </reporter-output>
        </test-method> <!-- setup -->
        <test-method signature="LoginTest(java.lang.String,java.lang.String,java.lang.String)[pri:0, instance:login_to_zoho.login_to_zoho_page@574b560f]" started-at="2024-05-10T20:46:15 IST" name="LoginTest" data-provider="testdata" finished-at="2024-05-10T20:46:20 IST" duration-ms="5131" status="PASS">
          <params>
            <param index="0">
              <value>
                <![CDATA[amitsaini87570@gmail.com]]>
              </value>
            </param>
            <param index="1">
              <value>
                <![CDATA[amitisaini]]>
              </value>
            </param>
            <param index="2">
              <value>
                <![CDATA[9057388979]]>
              </value>
            </param>
          </params>
          <reporter-output>
            <line>
              <![CDATA[method nameLoginTest]]>
            </line>
            <line>
              <![CDATA[method status1]]>
            </line>
          </reporter-output>
        </test-method> <!-- LoginTest -->
        <test-method is-config="true" signature="teardown()[pri:0, instance:login_to_zoho.login_to_zoho_page@574b560f]" started-at="2024-05-10T20:46:20 IST" name="teardown" finished-at="2024-05-10T20:46:20 IST" duration-ms="0" status="PASS">
          <reporter-output>
          </reporter-output>
        </test-method> <!-- teardown -->
        <test-method is-config="true" signature="setup()[pri:0, instance:login_to_zoho.login_to_zoho_page@574b560f]" started-at="2024-05-10T20:46:20 IST" name="setup" finished-at="2024-05-10T20:46:40 IST" duration-ms="19975" status="PASS">
          <reporter-output>
          </reporter-output>
        </test-method> <!-- setup -->
        <test-method signature="LoginTest(java.lang.String,java.lang.String,java.lang.String)[pri:0, instance:login_to_zoho.login_to_zoho_page@574b560f]" started-at="2024-05-10T20:46:40 IST" name="LoginTest" data-provider="testdata" finished-at="2024-05-10T20:46:50 IST" duration-ms="9622" status="PASS">
          <params>
            <param index="0">
              <value>
                <![CDATA[amitsaini87571@gmail.com]]>
              </value>
            </param>
            <param index="1">
              <value>
                <![CDATA[amitisaini1]]>
              </value>
            </param>
            <param index="2">
              <value>
                <![CDATA[9057388979]]>
              </value>
            </param>
          </params>
          <reporter-output>
            <line>
              <![CDATA[method nameLoginTest]]>
            </line>
            <line>
              <![CDATA[method status1]]>
            </line>
          </reporter-output>
        </test-method> <!-- LoginTest -->
        <test-method is-config="true" signature="setup()[pri:0, instance:login_to_zoho.login_to_zoho_page@574b560f]" started-at="2024-05-10T20:46:50 IST" name="setup" finished-at="2024-05-10T20:47:01 IST" duration-ms="11479" status="PASS">
          <reporter-output>
          </reporter-output>
        </test-method> <!-- setup -->
        <test-method is-config="true" signature="teardown()[pri:0, instance:login_to_zoho.login_to_zoho_page@574b560f]" started-at="2024-05-10T20:46:50 IST" name="teardown" finished-at="2024-05-10T20:46:50 IST" duration-ms="0" status="PASS">
          <reporter-output>
          </reporter-output>
        </test-method> <!-- teardown -->
        <test-method signature="LoginTest(java.lang.String,java.lang.String,java.lang.String)[pri:0, instance:login_to_zoho.login_to_zoho_page@574b560f]" started-at="2024-05-10T20:47:01 IST" name="LoginTest" data-provider="testdata" finished-at="2024-05-10T20:47:05 IST" duration-ms="3879" status="PASS">
          <params>
            <param index="0">
              <value>
                <![CDATA[amitsaini87572@gmail.com]]>
              </value>
            </param>
            <param index="1">
              <value>
                <![CDATA[amitsaini2]]>
              </value>
            </param>
            <param index="2">
              <value>
                <![CDATA[]]>
              </value>
            </param>
          </params>
          <reporter-output>
            <line>
              <![CDATA[method nameLoginTest]]>
            </line>
            <line>
              <![CDATA[method status1]]>
            </line>
          </reporter-output>
        </test-method> <!-- LoginTest -->
        <test-method is-config="true" signature="teardown()[pri:0, instance:login_to_zoho.login_to_zoho_page@574b560f]" started-at="2024-05-10T20:47:05 IST" name="teardown" finished-at="2024-05-10T20:47:05 IST" duration-ms="0" status="PASS">
          <reporter-output>
          </reporter-output>
        </test-method> <!-- teardown -->
        <test-method is-config="true" signature="setup()[pri:0, instance:login_to_zoho.login_to_zoho_page@574b560f]" started-at="2024-05-10T20:47:05 IST" name="setup" finished-at="2024-05-10T20:47:18 IST" duration-ms="12959" status="PASS">
          <reporter-output>
          </reporter-output>
        </test-method> <!-- setup -->
        <test-method signature="LoginTest(java.lang.String,java.lang.String,java.lang.String)[pri:0, instance:login_to_zoho.login_to_zoho_page@574b560f]" started-at="2024-05-10T20:47:18 IST" name="LoginTest" data-provider="testdata" finished-at="2024-05-10T20:47:25 IST" duration-ms="6493" status="PASS">
          <params>
            <param index="0">
              <value>
                <![CDATA[amitsaini87573@gmail.com]]>
              </value>
            </param>
            <param index="1">
              <value>
                <![CDATA[amitsaini3]]>
              </value>
            </param>
            <param index="2">
              <value>
                <![CDATA[9057388979]]>
              </value>
            </param>
          </params>
          <reporter-output>
            <line>
              <![CDATA[method nameLoginTest]]>
            </line>
            <line>
              <![CDATA[method status1]]>
            </line>
          </reporter-output>
        </test-method> <!-- LoginTest -->
        <test-method is-config="true" signature="teardown()[pri:0, instance:login_to_zoho.login_to_zoho_page@574b560f]" started-at="2024-05-10T20:47:25 IST" name="teardown" finished-at="2024-05-10T20:47:25 IST" duration-ms="1" status="PASS">
          <reporter-output>
          </reporter-output>
        </test-method> <!-- teardown -->
      </class> <!-- login_to_zoho.login_to_zoho_page -->
    </test> <!-- Test -->
  </suite> <!-- Suite -->
</testng-results>
