<?xml version="1.0" encoding="UTF-8"?>
<!-- Generated by org.testng.reporters.JUnitXMLReporter -->
<testsuite ignored="0" hostname="DELL" failures="0" tests="4" name="Test" time="93.373" errors="0" timestamp="2024-05-10T20:47:25 IST">
  <testcase classname="login_to_zoho.login_to_zoho_page" name="LoginTest" time="5.131"/>
  <testcase classname="login_to_zoho.login_to_zoho_page" name="LoginTest" time="9.622"/>
  <testcase classname="login_to_zoho.login_to_zoho_page" name="LoginTest" time="3.879"/>
  <testcase classname="login_to_zoho.login_to_zoho_page" name="LoginTest" time="6.493"/>
</testsuite> <!-- Test -->
